<?xml version="1.0" encoding="UTF-8"?>
<testng-results skipped="0" failed="0" ignored="0" total="1" passed="1">
  <reporter-output>
  </reporter-output>
  <suite name="Default suite" duration-ms="25836" started-at="2020-02-29T02:14:58 CST" finished-at="2020-02-29T02:15:24 CST">
    <groups>
    </groups>
    <test name="Default test" duration-ms="25836" started-at="2020-02-29T02:14:58 CST" finished-at="2020-02-29T02:15:24 CST">
      <class name="test.PostAQuickDraftTest">
        <test-method status="PASS" signature="addQuickDraft()[pri:0, instance:test.PostAQuickDraftTest@47ef968d]" name="addQuickDraft" duration-ms="24726" started-at="2020-02-29T02:14:58 CST" finished-at="2020-02-29T02:15:23 CST">
          <reporter-output>
          </reporter-output>
        </test-method> <!-- addQuickDraft -->
        <test-method status="PASS" signature="close()[pri:0, instance:test.PostAQuickDraftTest@47ef968d]" name="close" is-config="true" duration-ms="1029" started-at="2020-02-29T02:15:23 CST" finished-at="2020-02-29T02:15:24 CST">
          <reporter-output>
          </reporter-output>
        </test-method> <!-- close -->
      </class> <!-- test.PostAQuickDraftTest -->
    </test> <!-- Default test -->
  </suite> <!-- Default suite -->
</testng-results>
